<?xml version="1.0" encoding="UTF-8"?>
<testsuite xmlns:xsi="http://www.w3.org/2001/XMLSchema-instance" xsi:noNamespaceSchemaLocation="https://maven.apache.org/surefire/maven-surefire-plugin/xsd/surefire-test-report.xsd" version="3.0.2" name="com.learn.ReactiveProgramming.ReactiveApppApplicationTests" time="1.91" tests="1" errors="0" skipped="0" failures="0">
  <properties>
[...]
</properties>
  <testcase name="contextLoads" classname="com.learn.ReactiveProgramming.ReactiveApppApplicationTests" time="0.443">
    <system-out><![CDATA[21:40:57.670 [main] INFO org.springframework.test.context.support.AnnotationConfigContextLoaderUtils -- Could not detect default configuration classes for test class [com.learn.ReactiveProgramming.ReactiveApppApplicationTests]: ReactiveApppApplicationTests does not declare any static, non-private, non-final, nested classes annotated with @Configuration.
21:40:57.721 [main] INFO org.springframework.boot.test.context.SpringBootTestContextBootstrapper -- Found @SpringBootConfiguration com.learn.ReactiveProgramming.ReactiveApppApplication for test class com.learn.ReactiveProgramming.ReactiveApppApplicationTests

  .   ____          _            __ _ _
 /\\ / ___'_ __ _ _(_)_ __  __ _ \ \ \ \
( ( )\___ | '_ | '_| | '_ \/ _` | \ \ \ \
 \\/  ___)| |_)| | | | | || (_| |  ) ) ) )
  '  |____| .__|_| |_|_| |_\__, | / / / /
 =========|_|==============|___/=/_/_/_/

 :: Spring Boot ::                (v3.4.1)

2024-12-30T21:40:57.949+05:30  INFO 44571 --- [           main] c.l.R.ReactiveApppApplicationTests       : Starting ReactiveApppApplicationTests using Java 21.0.2 with PID 44571 (started by rahulgupta in /Users/rahulgupta/Desktop/Reactive-programming)
2024-12-30T21:40:57.950+05:30  INFO 44571 --- [           main] c.l.R.ReactiveApppApplicationTests       : No active profile set, falling back to 1 default profile: "default"
2024-12-30T21:40:58.226+05:30  INFO 44571 --- [           main] .s.d.r.c.RepositoryConfigurationDelegate : Bootstrapping Spring Data R2DBC repositories in DEFAULT mode.
2024-12-30T21:40:58.234+05:30  INFO 44571 --- [           main] .s.d.r.c.RepositoryConfigurationDelegate : Finished Spring Data repository scanning in 5 ms. Found 0 R2DBC repository interfaces.
2024-12-30T21:40:58.789+05:30  INFO 44571 --- [           main] o.f.c.i.s.classpath.ClassPathScanner     : Flyway OSS Edition 10.4.1 by Redgate
2024-12-30T21:40:58.789+05:30  INFO 44571 --- [           main] o.f.c.i.s.classpath.ClassPathScanner     : 
2024-12-30T21:40:58.790+05:30  INFO 44571 --- [           main] o.f.c.i.s.classpath.ClassPathScanner     : See release notes here: https://rd.gt/416ObMi
2024-12-30T21:40:58.879+05:30  INFO 44571 --- [           main] org.flywaydb.core.FlywayExecutor         : Database: jdbc:postgresql://localhost:5432/spring_reactive (PostgreSQL 14.15)
2024-12-30T21:40:58.911+05:30  INFO 44571 --- [           main] o.f.c.i.s.JdbcTableSchemaHistory         : Schema history table "public"."flyway_schema_history" does not exist yet
2024-12-30T21:40:58.912+05:30  INFO 44571 --- [           main] o.f.core.internal.command.DbValidate     : Successfully validated 1 migration (execution time 00:00.010s)
2024-12-30T21:40:58.926+05:30  INFO 44571 --- [           main] o.f.c.i.s.JdbcTableSchemaHistory         : Creating Schema History table "public"."flyway_schema_history" ...
2024-12-30T21:40:58.976+05:30  INFO 44571 --- [           main] o.f.core.internal.command.DbMigrate      : Current version of schema "public": << Empty Schema >>
2024-12-30T21:40:58.979+05:30  INFO 44571 --- [           main] o.f.core.internal.command.DbMigrate      : Migrating schema "public" to version "1 - init"
2024-12-30T21:40:58.996+05:30  INFO 44571 --- [           main] o.f.core.internal.command.DbMigrate      : Successfully applied 1 migration to schema "public", now at version v1 (execution time 00:00.007s)
2024-12-30T21:40:59.041+05:30  INFO 44571 --- [           main] c.l.R.ReactiveApppApplicationTests       : Started ReactiveApppApplicationTests in 1.248 seconds (process running for 1.711)
]]></system-out>
    <system-err><![CDATA[Mockito is currently self-attaching to enable the inline-mock-maker. This will no longer work in future releases of the JDK. Please add Mockito as an agent to your build what is described in Mockito's documentation: https://javadoc.io/doc/org.mockito/mockito-core/latest/org/mockito/Mockito.html#0.3
WARNING: A Java agent has been loaded dynamically (/Users/rahulgupta/.m2/repository/net/bytebuddy/byte-buddy-agent/1.15.11/byte-buddy-agent-1.15.11.jar)
WARNING: If a serviceability tool is in use, please run with -XX:+EnableDynamicAgentLoading to hide this warning
WARNING: If a serviceability tool is not in use, please run with -Djdk.instrument.traceUsage for more information
WARNING: Dynamic loading of agents will be disallowed by default in a future release
]]></system-err>
  </testcase>
</testsuite>